<?xml version="1.0" encoding="UTF-8"?>
<testng-results skipped="0" failed="0" ignored="0" total="3" passed="3">
  <reporter-output>
  </reporter-output>
  <suite name="All Test Suite" duration-ms="39333" started-at="2021-06-18T13:09:35 IST" finished-at="2021-06-18T13:10:14 IST">
    <groups>
    </groups>
    <test name="C:/Users/Admin/Zoopla_Mevan/src/test/java/com/bridgelabz/selenium/ZooplaTest.java" duration-ms="39333" started-at="2021-06-18T13:09:35 IST" finished-at="2021-06-18T13:10:14 IST">
      <class name="com.bridgelabz.selenium.ZooplaTest">
        <test-method status="PASS" signature="setup()[pri:0, instance:com.bridgelabz.selenium.ZooplaTest@2f651f93]" name="setup" is-config="true" duration-ms="11590" started-at="2021-06-18T13:09:35 IST" finished-at="2021-06-18T13:09:47 IST">
          <reporter-output>
          </reporter-output>
        </test-method> <!-- setup -->
        <test-method status="PASS" signature="loginZoopla()[pri:0, instance:com.bridgelabz.selenium.ZooplaTest@2f651f93]" name="loginZoopla" duration-ms="9629" started-at="2021-06-18T13:09:47 IST" finished-at="2021-06-18T13:09:56 IST">
          <reporter-output>
          </reporter-output>
        </test-method> <!-- loginZoopla -->
        <test-method status="PASS" signature="endTest()[pri:0, instance:com.bridgelabz.selenium.ZooplaTest@2f651f93]" name="endTest" is-config="true" duration-ms="1135" started-at="2021-06-18T13:09:57 IST" finished-at="2021-06-18T13:09:58 IST">
          <reporter-output>
          </reporter-output>
        </test-method> <!-- endTest -->
        <test-method status="PASS" signature="searchCity()[pri:1, instance:com.bridgelabz.selenium.ZooplaTest@2f651f93]" name="searchCity" duration-ms="12939" started-at="2021-06-18T13:09:58 IST" finished-at="2021-06-18T13:10:11 IST">
          <reporter-output>
          </reporter-output>
        </test-method> <!-- searchCity -->
        <test-method status="PASS" signature="endTest()[pri:0, instance:com.bridgelabz.selenium.ZooplaTest@2f651f93]" name="endTest" is-config="true" duration-ms="74" started-at="2021-06-18T13:10:12 IST" finished-at="2021-06-18T13:10:12 IST">
          <reporter-output>
          </reporter-output>
        </test-method> <!-- endTest -->
        <test-method status="PASS" signature="printProperties()[pri:2, instance:com.bridgelabz.selenium.ZooplaTest@2f651f93]" name="printProperties" duration-ms="1656" started-at="2021-06-18T13:10:12 IST" finished-at="2021-06-18T13:10:14 IST">
          <reporter-output>
          </reporter-output>
        </test-method> <!-- printProperties -->
        <test-method status="PASS" signature="endTest()[pri:0, instance:com.bridgelabz.selenium.ZooplaTest@2f651f93]" name="endTest" is-config="true" duration-ms="37" started-at="2021-06-18T13:10:14 IST" finished-at="2021-06-18T13:10:14 IST">
          <reporter-output>
          </reporter-output>
        </test-method> <!-- endTest -->
      </class> <!-- com.bridgelabz.selenium.ZooplaTest -->
    </test> <!-- C:/Users/Admin/Zoopla_Mevan/src/test/java/com/bridgelabz/selenium/ZooplaTest.java -->
  </suite> <!-- All Test Suite -->
</testng-results>
